2025-06-22 16:40:50,007:WARNING:discord.client: PyNaCl is not installed, voice will NOT be supported
2025-06-22 16:40:50,013:INFO:discord.client: logging in using static token
2025-06-22 16:41:21,662:WARNING:discord.client: PyNaCl is not installed, voice will NOT be supported
2025-06-22 16:41:21,665:INFO:discord.client: logging in using static token
2025-06-22 16:41:24,127:INFO:discord.gateway: Shard ID None has connected to Gateway (Session ID: 1f80a6cfec9bca92c30d789142d27d72).
2025-06-22 16:41:26,135:INFO:root: Logged in as Gencorp#5447 (ID: 1386306857118863431)
2025-06-22 16:42:44,322:WARNING:discord.client: PyNaCl is not installed, voice will NOT be supported
2025-06-22 16:42:44,325:INFO:discord.client: logging in using static token
2025-06-22 16:42:46,657:INFO:discord.gateway: Shard ID None has connected to Gateway (Session ID: 122d859aa1ffd7e9e6f86001840421ba).
2025-06-22 16:42:48,659:INFO:root: Logged in as Gencorp#5447 (ID: 1386306857118863431)
2025-06-22 16:48:16,870:WARNING:discord.client: PyNaCl is not installed, voice will NOT be supported
2025-06-22 16:51:23,972:WARNING:discord.client: PyNaCl is not installed, voice will NOT be supported
2025-06-22 16:51:23,975:INFO:discord.client: logging in using static token
2025-06-22 16:51:26,524:INFO:discord.gateway: Shard ID None has connected to Gateway (Session ID: c1bfdb04d647ce71baf5350a8558f7ae).
2025-06-22 16:51:28,527:INFO:root: Logged in as Gencorp#5447 (ID: 1386306857118863431)
2025-06-22 16:52:28,509:WARNING:discord.client: PyNaCl is not installed, voice will NOT be supported
2025-06-22 16:52:28,511:INFO:discord.client: logging in using static token
2025-06-22 16:52:30,855:INFO:discord.gateway: Shard ID None has connected to Gateway (Session ID: 7926d275fe14ff8841306c0127a16f4e).
2025-06-22 16:52:32,869:ERROR:discord.client: Ignoring exception in on_ready
Traceback (most recent call last):
  File "C:\Users\usman\AppData\Local\Programs\Python\Python313\Lib\site-packages\discord\ext\commands\bot.py", line 963, in _load_from_module_spec
    await setup(self)
TypeError: object NoneType can't be used in 'await' expression

The above exception was the direct cause of the following exception:

Traceback (most recent call last):
  File "C:\Users\usman\AppData\Local\Programs\Python\Python313\Lib\site-packages\discord\client.py", line 481, in _run_event
    await coro(*args, **kwargs)
  File "C:\Users\usman\OneDrive\Desktop\Gencorp\main.py", line 80, in on_ready
    await load_extensions()
  File "C:\Users\usman\OneDrive\Desktop\Gencorp\main.py", line 65, in load_extensions
    await bot.load_extension(f'extensions.{filename[:-3]}')
  File "C:\Users\usman\AppData\Local\Programs\Python\Python313\Lib\site-packages\discord\ext\commands\bot.py", line 1029, in load_extension
    await self._load_from_module_spec(spec, name)
  File "C:\Users\usman\AppData\Local\Programs\Python\Python313\Lib\site-packages\discord\ext\commands\bot.py", line 968, in _load_from_module_spec
    raise errors.ExtensionFailed(key, e) from e
discord.ext.commands.errors.ExtensionFailed: Extension 'extensions.automod' raised an error: TypeError: object NoneType can't be used in 'await' expression
2025-06-22 16:53:20,789:WARNING:discord.client: PyNaCl is not installed, voice will NOT be supported
2025-06-22 16:53:20,791:INFO:discord.client: logging in using static token
2025-06-22 16:53:23,125:INFO:discord.gateway: Shard ID None has connected to Gateway (Session ID: 83d9ef07dfb2c732b169dccd3efdbc1b).
2025-06-22 16:53:25,138:ERROR:discord.client: Ignoring exception in on_ready
Traceback (most recent call last):
  File "C:\Users\usman\AppData\Local\Programs\Python\Python313\Lib\site-packages\discord\ext\commands\bot.py", line 963, in _load_from_module_spec
    await setup(self)
TypeError: object NoneType can't be used in 'await' expression

The above exception was the direct cause of the following exception:

Traceback (most recent call last):
  File "C:\Users\usman\AppData\Local\Programs\Python\Python313\Lib\site-packages\discord\client.py", line 481, in _run_event
    await coro(*args, **kwargs)
  File "C:\Users\usman\OneDrive\Desktop\Gencorp\main.py", line 80, in on_ready
    await load_extensions()
  File "C:\Users\usman\OneDrive\Desktop\Gencorp\main.py", line 65, in load_extensions
    await bot.load_extension(f'extensions.{filename[:-3]}')
  File "C:\Users\usman\AppData\Local\Programs\Python\Python313\Lib\site-packages\discord\ext\commands\bot.py", line 1029, in load_extension
    await self._load_from_module_spec(spec, name)
  File "C:\Users\usman\AppData\Local\Programs\Python\Python313\Lib\site-packages\discord\ext\commands\bot.py", line 968, in _load_from_module_spec
    raise errors.ExtensionFailed(key, e) from e
discord.ext.commands.errors.ExtensionFailed: Extension 'extensions.news' raised an error: TypeError: object NoneType can't be used in 'await' expression
2025-06-22 16:55:36,371:WARNING:discord.client: PyNaCl is not installed, voice will NOT be supported
2025-06-22 16:55:36,372:INFO:discord.client: logging in using static token
2025-06-22 16:55:39,531:INFO:discord.gateway: Shard ID None has connected to Gateway (Session ID: cf9cac4fcf2e406dd60cedd74dd09a70).
2025-06-22 16:55:41,552:INFO:root: Logged in as Gencorp#5447 (ID: 1386306857118863431)
2025-06-22 16:56:55,870:WARNING:discord.client: PyNaCl is not installed, voice will NOT be supported
2025-06-22 16:56:55,871:INFO:discord.client: logging in using static token
2025-06-22 16:56:58,155:INFO:discord.gateway: Shard ID None has connected to Gateway (Session ID: 617b6fc57e6a7b4195c6b2449d9ee6bb).
2025-06-22 16:57:00,171:INFO:root: Logged in as Gencorp#5447 (ID: 1386306857118863431)
2025-06-22 16:59:14,796:WARNING:discord.client: PyNaCl is not installed, voice will NOT be supported
2025-06-22 16:59:14,798:INFO:discord.client: logging in using static token
2025-06-22 16:59:17,142:INFO:discord.gateway: Shard ID None has connected to Gateway (Session ID: 4dfdccb651127de14e9e62da86fa24db).
2025-06-22 16:59:19,156:INFO:root: Logged in as Gencorp#5447 (ID: 1386306857118863431)
2025-06-22 17:01:42,149:ERROR:discord.ui.view: Ignoring exception in view <TicketActionView timeout=None children=1> for item <Button style=<ButtonStyle.danger: 4> url=None disabled=False label='Close Ticket' emoji=None row=None sku_id=None>
Traceback (most recent call last):
  File "C:\Users\usman\AppData\Local\Programs\Python\Python313\Lib\site-packages\discord\ui\view.py", line 435, in _scheduled_task
    await item.callback(interaction)
  File "C:\Users\usman\OneDrive\Desktop\Gencorp\extensions\ticket.py", line 75, in close_ticket
    await discord.utils.sleep_until(discord.utils.utcnow() + discord.utils.timedelta(seconds=10))
                                                             ^^^^^^^^^^^^^^^^^^^^^^^
AttributeError: module 'discord.utils' has no attribute 'timedelta'
2025-06-22 17:06:33,148:WARNING:discord.client: PyNaCl is not installed, voice will NOT be supported
2025-06-22 17:06:33,149:INFO:discord.client: logging in using static token
2025-06-22 17:06:35,564:INFO:discord.gateway: Shard ID None has connected to Gateway (Session ID: 330878768f8cd2cb2c9e21e22dc30133).
2025-06-22 17:06:37,582:INFO:root: Logged in as Gencorp#5447 (ID: 1386306857118863431)
2025-06-22 17:07:20,764:ERROR:discord.ext.commands.bot: Ignoring exception in command None
discord.ext.commands.errors.CommandNotFound: Command "summonpanel" is not found
2025-06-22 17:10:12,753:WARNING:discord.client: PyNaCl is not installed, voice will NOT be supported
2025-06-22 17:10:12,754:INFO:discord.client: logging in using static token
2025-06-22 17:10:15,279:INFO:discord.gateway: Shard ID None has connected to Gateway (Session ID: 1f5a5c70300ce815108e5a814197c5d0).
2025-06-22 17:10:17,288:INFO:root: Logged in as Gencorp#5447 (ID: 1386306857118863431)
2025-06-22 17:11:36,781:ERROR:discord.ext.commands.bot: Ignoring exception in command None
discord.ext.commands.errors.CommandNotFound: Command "assign_staff" is not found
2025-06-27 14:46:27,222:WARNING:discord.client: PyNaCl is not installed, voice will NOT be supported
2025-06-27 14:46:27,223:INFO:discord.client: logging in using static token
2025-06-27 14:46:29,798:INFO:discord.gateway: Shard ID None has connected to Gateway (Session ID: c9c142fd08d298ed2e38579851573049).
2025-06-27 14:46:31,829:INFO:root: Logged in as Gencorp#5447 (ID: 1386306857118863431)
2025-06-27 15:01:48,777:INFO:discord.gateway: Shard ID None has successfully RESUMED session c9c142fd08d298ed2e38579851573049.
2025-06-27 15:02:42,373:WARNING:discord.client: PyNaCl is not installed, voice will NOT be supported
2025-06-27 15:02:42,374:INFO:discord.client: logging in using static token
2025-06-27 15:02:46,892:INFO:discord.gateway: Shard ID None has connected to Gateway (Session ID: 87b1d14c895fe79a32a0f592f22a08ea).
2025-06-27 15:02:48,925:INFO:root: Logged in as Gencorp#5447 (ID: 1386306857118863431)
2025-06-27 15:17:25,290:WARNING:discord.client: PyNaCl is not installed, voice will NOT be supported
2025-06-27 15:17:25,292:INFO:discord.client: logging in using static token
2025-06-27 15:17:27,688:INFO:discord.gateway: Shard ID None has connected to Gateway (Session ID: a76b5975beccd34e9495b3cf75ceb37a).
2025-06-27 15:17:29,707:INFO:root: Logged in as Gencorp#5447 (ID: 1386306857118863431)
2025-06-27 15:31:06,926:WARNING:discord.client: PyNaCl is not installed, voice will NOT be supported
2025-06-27 15:31:06,928:INFO:discord.client: logging in using static token
2025-06-27 15:31:09,795:INFO:discord.gateway: Shard ID None has connected to Gateway (Session ID: cfdb98957498d2e395df7e8aabd2f970).
2025-06-27 15:31:12,597:INFO:root: Logged in as Gencorp#5447 (ID: 1386306857118863431)
2025-06-27 15:35:42,289:WARNING:discord.client: PyNaCl is not installed, voice will NOT be supported
2025-06-27 15:35:42,291:INFO:discord.client: logging in using static token
2025-06-27 15:36:05,593:INFO:discord.gateway: Shard ID None has connected to Gateway (Session ID: a6e3484c5f0e110a45a99d9f24d941eb).
2025-06-27 15:36:08,195:INFO:root: Logged in as Gencorp#5447 (ID: 1386306857118863431)
2025-06-27 15:56:29,571:WARNING:discord.client: PyNaCl is not installed, voice will NOT be supported
2025-06-27 15:56:29,573:INFO:discord.client: logging in using static token
2025-06-27 15:56:33,011:INFO:discord.gateway: Shard ID None has connected to Gateway (Session ID: a0aeadc756962115826071b95854b505).
2025-06-27 15:56:35,668:INFO:root: Logged in as Gencorp#5447 (ID: 1386306857118863431)
2025-06-27 16:03:18,290:WARNING:discord.client: PyNaCl is not installed, voice will NOT be supported
2025-06-27 16:03:18,292:INFO:discord.client: logging in using static token
2025-06-27 16:03:21,281:INFO:discord.gateway: Shard ID None has connected to Gateway (Session ID: 17f4595beab382c263ae65f6dae436ad).
2025-06-27 16:03:23,831:INFO:root: Logged in as Gencorp#5447 (ID: 1386306857118863431)
2025-06-27 16:25:42,899:WARNING:discord.client: PyNaCl is not installed, voice will NOT be supported
2025-06-27 16:25:42,900:INFO:discord.client: logging in using static token
2025-06-27 16:25:45,035:INFO:discord.gateway: Shard ID None has connected to Gateway (Session ID: 9791a598c0f3ed7de11bf3589a1472ef).
2025-06-27 16:25:47,762:INFO:root: Logged in as Gencorp#5447 (ID: 1386306857118863431)
2025-06-27 16:27:44,839:WARNING:discord.client: PyNaCl is not installed, voice will NOT be supported
2025-06-27 16:27:44,840:INFO:discord.client: logging in using static token
2025-06-27 16:27:47,854:INFO:discord.gateway: Shard ID None has connected to Gateway (Session ID: e6ca95ec9fc57e04921ca5102b50c127).
2025-06-27 16:27:50,403:INFO:root: Logged in as Gencorp#5447 (ID: 1386306857118863431)
2025-06-27 16:32:26,551:WARNING:discord.client: PyNaCl is not installed, voice will NOT be supported
2025-06-27 16:32:26,553:INFO:discord.client: logging in using static token
2025-06-27 16:32:28,589:INFO:discord.gateway: Shard ID None has connected to Gateway (Session ID: af3a0c55aadf2deffa40b85a383ba9e3).
2025-06-27 16:32:31,140:INFO:root: Logged in as Gencorp#5447 (ID: 1386306857118863431)
2025-06-27 16:33:56,430:WARNING:discord.client: PyNaCl is not installed, voice will NOT be supported
2025-06-27 16:33:56,431:INFO:discord.client: logging in using static token
2025-06-27 16:33:58,451:INFO:discord.gateway: Shard ID None has connected to Gateway (Session ID: 58c6ec98db38794a560d7b143a9baaba).
2025-06-27 16:34:01,145:INFO:root: Logged in as Gencorp#5447 (ID: 1386306857118863431)
2025-06-27 16:57:58,613:INFO:discord.gateway: Shard ID None has successfully RESUMED session 58c6ec98db38794a560d7b143a9baaba.
2025-06-27 17:28:37,910:WARNING:discord.client: PyNaCl is not installed, voice will NOT be supported
2025-06-27 17:28:37,912:INFO:discord.client: logging in using static token
2025-06-27 17:28:41,332:INFO:discord.gateway: Shard ID None has connected to Gateway (Session ID: 67c8e848f5dfed5305875b3f9085448d).
2025-06-27 17:28:43,463:ERROR:discord.client: Ignoring exception in on_ready
Traceback (most recent call last):
  File "C:\Users\usman\AppData\Local\Programs\Python\Python313\Lib\site-packages\discord\ext\commands\bot.py", line 963, in _load_from_module_spec
    await setup(self)
  File "C:\Users\usman\OneDrive\Desktop\Gencorp\extensions\news.py", line 121, in setup
    await bot.add_cog(NewsFeed(bot))
                      ~~~~~~~~^^^^^
  File "C:\Users\usman\OneDrive\Desktop\Gencorp\extensions\news.py", line 43, in __init__
    self.post_news.start()
    ^^^^^^^^^^^^^^
AttributeError: 'NewsFeed' object has no attribute 'post_news'

The above exception was the direct cause of the following exception:

Traceback (most recent call last):
  File "C:\Users\usman\AppData\Local\Programs\Python\Python313\Lib\site-packages\discord\client.py", line 481, in _run_event
    await coro(*args, **kwargs)
  File "C:\Users\usman\OneDrive\Desktop\Gencorp\main.py", line 125, in on_ready
    await load_extensions()
  File "C:\Users\usman\OneDrive\Desktop\Gencorp\main.py", line 110, in load_extensions
    await bot.load_extension(f'extensions.{filename[:-3]}')
  File "C:\Users\usman\AppData\Local\Programs\Python\Python313\Lib\site-packages\discord\ext\commands\bot.py", line 1029, in load_extension
    await self._load_from_module_spec(spec, name)
  File "C:\Users\usman\AppData\Local\Programs\Python\Python313\Lib\site-packages\discord\ext\commands\bot.py", line 968, in _load_from_module_spec
    raise errors.ExtensionFailed(key, e) from e
discord.ext.commands.errors.ExtensionFailed: Extension 'extensions.news' raised an error: AttributeError: 'NewsFeed' object has no attribute 'post_news'
2025-06-27 17:29:33,856:WARNING:discord.client: PyNaCl is not installed, voice will NOT be supported
2025-06-27 17:29:33,858:INFO:discord.client: logging in using static token
2025-06-27 17:29:35,741:INFO:discord.gateway: Shard ID None has connected to Gateway (Session ID: de32f1f5fae35914552d89938ae285a3).
2025-06-27 17:29:37,892:ERROR:discord.client: Ignoring exception in on_ready
Traceback (most recent call last):
  File "C:\Users\usman\AppData\Local\Programs\Python\Python313\Lib\site-packages\discord\ext\commands\bot.py", line 963, in _load_from_module_spec
    await setup(self)
  File "C:\Users\usman\OneDrive\Desktop\Gencorp\extensions\news.py", line 121, in setup
    await bot.add_cog(NewsFeed(bot))
                      ~~~~~~~~^^^^^
  File "C:\Users\usman\OneDrive\Desktop\Gencorp\extensions\news.py", line 43, in __init__
    self.post_news.start()
    ^^^^^^^^^^^^^^
AttributeError: 'NewsFeed' object has no attribute 'post_news'

The above exception was the direct cause of the following exception:

Traceback (most recent call last):
  File "C:\Users\usman\AppData\Local\Programs\Python\Python313\Lib\site-packages\discord\client.py", line 481, in _run_event
    await coro(*args, **kwargs)
  File "C:\Users\usman\OneDrive\Desktop\Gencorp\main.py", line 125, in on_ready
    await load_extensions()
  File "C:\Users\usman\OneDrive\Desktop\Gencorp\main.py", line 110, in load_extensions
    await bot.load_extension(f'extensions.{filename[:-3]}')
  File "C:\Users\usman\AppData\Local\Programs\Python\Python313\Lib\site-packages\discord\ext\commands\bot.py", line 1029, in load_extension
    await self._load_from_module_spec(spec, name)
  File "C:\Users\usman\AppData\Local\Programs\Python\Python313\Lib\site-packages\discord\ext\commands\bot.py", line 968, in _load_from_module_spec
    raise errors.ExtensionFailed(key, e) from e
discord.ext.commands.errors.ExtensionFailed: Extension 'extensions.news' raised an error: AttributeError: 'NewsFeed' object has no attribute 'post_news'
2025-06-27 17:30:33,320:WARNING:discord.client: PyNaCl is not installed, voice will NOT be supported
2025-06-27 17:30:33,321:INFO:discord.client: logging in using static token
2025-06-27 17:30:35,509:INFO:discord.gateway: Shard ID None has connected to Gateway (Session ID: a56530fd5d714d4aaee3d09cb92452a8).
2025-06-27 17:30:38,309:INFO:root: Logged in as Gencorp#5447 (ID: 1386306857118863431)
2025-06-27 17:31:13,778:WARNING:discord.client: PyNaCl is not installed, voice will NOT be supported
2025-06-27 17:31:13,779:INFO:discord.client: logging in using static token
2025-06-27 17:31:16,134:INFO:discord.gateway: Shard ID None has connected to Gateway (Session ID: 9213659c9fe669dc1f7631ff384618e7).
2025-06-27 17:31:18,780:INFO:root: Logged in as Gencorp#5447 (ID: 1386306857118863431)
2025-06-27 17:34:10,683:WARNING:discord.client: PyNaCl is not installed, voice will NOT be supported
2025-06-27 17:34:10,684:INFO:discord.client: logging in using static token
2025-06-27 17:34:13,201:INFO:discord.gateway: Shard ID None has connected to Gateway (Session ID: 21c385ba0034ebd3d4734cffd0dea125).
2025-06-27 17:34:23,373:INFO:root: Logged in as Gencorp#5447 (ID: 1386306857118863431)
2025-06-27 17:35:10,276:WARNING:discord.client: PyNaCl is not installed, voice will NOT be supported
2025-06-27 17:35:10,277:INFO:discord.client: logging in using static token
2025-06-27 17:35:12,560:INFO:discord.gateway: Shard ID None has connected to Gateway (Session ID: 6ea5a215219cfe1699daf4565604fd76).
2025-06-27 17:35:16,094:INFO:root: Logged in as Gencorp#5447 (ID: 1386306857118863431)
2025-06-27 17:38:59,840:WARNING:discord.client: PyNaCl is not installed, voice will NOT be supported
2025-06-27 17:38:59,842:INFO:discord.client: logging in using static token
2025-06-27 17:39:02,907:INFO:discord.gateway: Shard ID None has connected to Gateway (Session ID: 8d60ad049ef8be777d5d8b9ef50adffe).
2025-06-27 17:39:08,133:INFO:root: Logged in as Gencorp#5447 (ID: 1386306857118863431)
2025-06-27 17:39:32,774:WARNING:discord.client: PyNaCl is not installed, voice will NOT be supported
2025-06-27 17:39:32,776:INFO:discord.client: logging in using static token
2025-06-27 17:39:35,178:INFO:discord.gateway: Shard ID None has connected to Gateway (Session ID: ba77251d8a4a92249a16c5d0b006efee).
2025-06-27 17:39:38,701:INFO:root: Logged in as Gencorp#5447 (ID: 1386306857118863431)
2025-06-27 17:57:37,599:WARNING:discord.client: PyNaCl is not installed, voice will NOT be supported
2025-06-27 17:57:37,600:INFO:discord.client: logging in using static token
2025-06-27 17:57:40,061:INFO:discord.gateway: Shard ID None has connected to Gateway (Session ID: f6fb90fe45667138728f2273da30f48c).
2025-06-27 17:57:45,033:INFO:root: Logged in as Gencorp#5447 (ID: 1386306857118863431)
2025-06-27 18:32:59,731:INFO:discord.gateway: Shard ID None has successfully RESUMED session f6fb90fe45667138728f2273da30f48c.
2025-06-27 18:52:57,464:INFO:discord.gateway: Shard ID None has successfully RESUMED session f6fb90fe45667138728f2273da30f48c.
2025-06-27 20:06:44,553:WARNING:discord.client: PyNaCl is not installed, voice will NOT be supported
2025-06-27 20:06:44,555:INFO:discord.client: logging in using static token
2025-06-27 20:06:47,031:INFO:discord.gateway: Shard ID None has connected to Gateway (Session ID: af0374fd493f450a3a887139ef2737ab).
2025-06-27 20:06:51,811:INFO:root: Logged in as Gencorp#5447 (ID: 1386306857118863431)
2025-06-27 20:07:40,829:WARNING:discord.client: PyNaCl is not installed, voice will NOT be supported
2025-06-27 20:07:40,831:INFO:discord.client: logging in using static token
2025-06-27 20:07:42,672:INFO:discord.gateway: Shard ID None has connected to Gateway (Session ID: 7a8c46562194d97a79ce6f4f4da37d6b).
2025-06-27 20:27:12,431:WARNING:discord.client: PyNaCl is not installed, voice will NOT be supported
2025-06-27 20:27:12,432:INFO:discord.client: logging in using static token
2025-06-27 20:27:14,805:INFO:discord.gateway: Shard ID None has connected to Gateway (Session ID: 7010ba625262abbfe7348bb59d96179e).
2025-06-27 20:27:19,152:INFO:root: Logged in as Gencorp#5447 (ID: 1386306857118863431)
2025-06-27 20:30:16,494:WARNING:discord.client: PyNaCl is not installed, voice will NOT be supported
2025-06-27 20:30:16,495:INFO:discord.client: logging in using static token
2025-06-27 20:30:18,718:INFO:discord.gateway: Shard ID None has connected to Gateway (Session ID: 5a23c636e1aebf33e714e84f2e7d8e52).
2025-06-27 20:30:24,718:INFO:root: Logged in as Gencorp#5447 (ID: 1386306857118863431)
2025-06-27 20:32:40,459:WARNING:discord.client: PyNaCl is not installed, voice will NOT be supported
2025-06-27 20:32:40,460:INFO:discord.client: logging in using static token
2025-06-27 20:32:43,029:INFO:discord.gateway: Shard ID None has connected to Gateway (Session ID: 253118094002b20eb461f626851595a6).
2025-06-27 20:32:49,138:INFO:root: Logged in as Gencorp#5447 (ID: 1386306857118863431)
2025-06-27 20:37:13,578:WARNING:discord.client: PyNaCl is not installed, voice will NOT be supported
2025-06-27 20:37:13,579:INFO:discord.client: logging in using static token
2025-06-27 20:37:16,053:INFO:discord.gateway: Shard ID None has connected to Gateway (Session ID: e18991565aff0bdd03994288e58a4278).
2025-06-27 20:37:21,908:INFO:root: Logged in as Gencorp#5447 (ID: 1386306857118863431)
2025-06-27 20:42:45,096:WARNING:discord.client: PyNaCl is not installed, voice will NOT be supported
2025-06-27 20:42:45,098:INFO:discord.client: logging in using static token
2025-06-27 20:42:47,628:INFO:discord.gateway: Shard ID None has connected to Gateway (Session ID: e8d654ef547d6c408fc2a30f53575110).
2025-06-27 20:42:53,536:INFO:root: Logged in as Gencorp#5447 (ID: 1386306857118863431)
2025-06-27 21:05:28,997:WARNING:discord.client: PyNaCl is not installed, voice will NOT be supported
2025-06-27 21:05:28,999:INFO:discord.client: logging in using static token
2025-06-27 21:05:31,499:INFO:discord.gateway: Shard ID None has connected to Gateway (Session ID: f304bf72b190ef6460c57cd9422aa31a).
2025-06-27 21:05:37,572:INFO:root: Logged in as Gencorp#5447 (ID: 1386306857118863431)
2025-06-27 21:08:07,397:WARNING:discord.client: PyNaCl is not installed, voice will NOT be supported
2025-06-27 21:08:07,398:INFO:discord.client: logging in using static token
2025-06-27 21:08:09,967:INFO:discord.gateway: Shard ID None has connected to Gateway (Session ID: 2ec01ff0eceeef43bb5c60346b2c7470).
2025-06-27 21:08:15,858:INFO:root: Logged in as Gencorp#5447 (ID: 1386306857118863431)
2025-06-28 00:44:25,750:INFO:discord.gateway: Shard ID None has successfully RESUMED session 2ec01ff0eceeef43bb5c60346b2c7470.
2025-06-28 01:28:08,530:WARNING:discord.client: PyNaCl is not installed, voice will NOT be supported
2025-06-28 01:28:08,531:INFO:discord.client: logging in using static token
2025-06-28 01:28:11,529:INFO:discord.gateway: Shard ID None has connected to Gateway (Session ID: 37ad179a36f8de015b807688c56491d2).
2025-06-28 01:28:16,204:INFO:root: Logged in as Gencorp#5447 (ID: 1386306857118863431)
